Прямая задача
[ 0.          2.25531915  3.23404255  0.13829787  0.06382979 -0.5       ]


-3.6595744680851108


[ 0.07883212  2.65693431  2.71240876  0.05620438  0.         -1.0649635 ]


-8.105109489050914


[ 0.13280363  2.93189557  2.35527809  0.         -0.04370034 -1.45175936]


-11.14869466515351


[ 0.48874598  4.74526617  0.         -0.3706681  -0.33190425 -4.00267953]


-31.221150410861036


[ 0.48874598  4.74526617  0.         -0.3706681  -0.33190425 -4.00267953]


-31.221150410861036


[ 0.48874598  4.74526617  0.         -0.3706681  -0.33190425 -4.00267953]


-31.221150410861036


[ 0.          7.08641975  0.         -0.91975309 -0.13580247 -3.31481481]


-39.75308641975311


[ 0.          7.08641975  0.         -0.91975309 -0.13580247 -3.31481481]


-39.75308641975311


[ 0.          7.08641975  0.         -0.91975309 -0.13580247 -3.31481481]


-39.75308641975311


Двойственная задача
[ 0.07971014  3.          0.          1.25        0.         -4.2173913 ]


-44.724637681159436


[ 0.          2.72839506  0.          1.01234568  0.13580247 -3.7037037 ]


-39.75308641975286


