Решение задачи методом потенциалов
Приближение 0:
12 7 X X X 
X 5 0 X X 
X X 11 8 2 
X X X X 9 

Приближение 1:
7 12 X X X 
5 X 0 X X 
X X 11 8 2 
X X X X 9 

Приближение 2:
7 12 X 0 X 
5 X X X X 
X X 11 8 2 
X X X X 9 

Решение задачи методом потенциалов
Приближение 0:
12 7 X X X 
X 5 0 X X 
X X 11 8 2 
X X X X 9 

Текущее значение стоимости:301
Приближение 1:
7 12 X X X 
5 X 0 X X 
X X 11 8 2 
X X X X 9 

Текущее значение стоимости:301
Приближение 2:
7 12 X 0 X 
5 X X X X 
X X 11 8 2 
X X X X 9 

Текущее значение стоимости:285
Решение задачи методом потенциалов
Приближение 0:
12 4 X X X 
X 5 X X X 
X 3 11 1 X 
X X X 7 2 
X X X X 9 

Текущее значение стоимости:207

Приближение 1:
12 3 X 1 X 
X 5 X X X 
X 4 11 X X 
X X X 7 2 
X X X X 9 

Текущее значение стоимости:192

Приближение 2:
7 8 X 1 X 
5 X X X X 
X 4 11 X X 
X X X 7 2 
X X X X 9 

Текущее значение стоимости:178

Приближение 3:
7 8 X 1 X 
5 X X X X 
X 4 11 X X 
X X X X 9 
X X X 7 2 

Текущее значение стоимости:176

